[35m[1mScanning dependencies of target impedance_solver[0m
[ 25%] [32mBuilding CXX object CMakeFiles/impedance_solver.dir/src/impedance_solver.cpp.o[0m
[ 75%] Built target wrench_publisher_sim
[01m[K/home/mbrummelhuis/msc_thesis/catkin_ws/src/impedance/src/impedance_solver.cpp:14:38:[m[K [01;31m[Kerror: [m[K‘[01m[KString[m[K’ in namespace ‘[01m[Kstd_msgs[m[K’ does not name a type
   14 | void wrenchCallback (const std_msgs::[01;31m[KString[m[K::ConstPtr& msg);
      |                                      [01;31m[K^~~~~~[m[K
[01m[K/home/mbrummelhuis/msc_thesis/catkin_ws/src/impedance/src/impedance_solver.cpp:14:54:[m[K [01;31m[Kerror: [m[Kexpected unqualified-id before ‘[01m[K&[m[K’ token
   14 | void wrenchCallback (const std_msgs::String::ConstPtr[01;31m[K&[m[K msg);
      |                                                      [01;31m[K^[m[K
[01m[K/home/mbrummelhuis/msc_thesis/catkin_ws/src/impedance/src/impedance_solver.cpp:14:54:[m[K [01;31m[Kerror: [m[Kexpected ‘[01m[K)[m[K’ before ‘[01m[K&[m[K’ token
   14 | void wrenchCallback [34m[K([m[Kconst std_msgs::String::ConstPtr[01;31m[K&[m[K msg);
      |                     [34m[K~[m[K                                [01;31m[K^[m[K
      |                                                      [32m[K)[m[K
[01m[K/home/mbrummelhuis/msc_thesis/catkin_ws/src/impedance/src/impedance_solver.cpp:14:56:[m[K [01;31m[Kerror: [m[Kexpected initializer before ‘[01m[Kmsg[m[K’
   14 | void wrenchCallback (const std_msgs::String::ConstPtr& [01;31m[Kmsg[m[K);
      |                                                        [01;31m[K^~~[m[K
[01m[K/home/mbrummelhuis/msc_thesis/catkin_ws/src/impedance/src/impedance_solver.cpp:16:36:[m[K [01;31m[Kerror: [m[K‘[01m[KString[m[K’ in namespace ‘[01m[Kstd_msgs[m[K’ does not name a type
   16 | void poseCallback (const std_msgs::[01;31m[KString[m[K::ConstPtr& msg);
      |                                    [01;31m[K^~~~~~[m[K
[01m[K/home/mbrummelhuis/msc_thesis/catkin_ws/src/impedance/src/impedance_solver.cpp:16:52:[m[K [01;31m[Kerror: [m[Kexpected unqualified-id before ‘[01m[K&[m[K’ token
   16 | void poseCallback (const std_msgs::String::ConstPtr[01;31m[K&[m[K msg);
      |                                                    [01;31m[K^[m[K
[01m[K/home/mbrummelhuis/msc_thesis/catkin_ws/src/impedance/src/impedance_solver.cpp:16:52:[m[K [01;31m[Kerror: [m[Kexpected ‘[01m[K)[m[K’ before ‘[01m[K&[m[K’ token
   16 | void poseCallback [34m[K([m[Kconst std_msgs::String::ConstPtr[01;31m[K&[m[K msg);
      |                   [34m[K~[m[K                                [01;31m[K^[m[K
      |                                                    [32m[K)[m[K
[01m[K/home/mbrummelhuis/msc_thesis/catkin_ws/src/impedance/src/impedance_solver.cpp:16:54:[m[K [01;31m[Kerror: [m[Kexpected initializer before ‘[01m[Kmsg[m[K’
   16 | void poseCallback (const std_msgs::String::ConstPtr& [01;31m[Kmsg[m[K);
      |                                                      [01;31m[K^~~[m[K
[01m[K/home/mbrummelhuis/msc_thesis/catkin_ws/src/impedance/src/impedance_solver.cpp:[m[K In function ‘[01m[Kint main(int, char**)[m[K’:
[01m[K/home/mbrummelhuis/msc_thesis/catkin_ws/src/impedance/src/impedance_solver.cpp:25:70:[m[K [01;31m[Kerror: [m[K‘[01m[KwrenchCallback[m[K’ was not declared in this scope
   25 |   ros::Subscriber sub_wrench = n.subscribe("impedance_wrench", 1000, [01;31m[KwrenchCallback[m[K);
      |                                                                      [01;31m[K^~~~~~~~~~~~~~[m[K
[01m[K/home/mbrummelhuis/msc_thesis/catkin_ws/src/impedance/src/impedance_solver.cpp:27:64:[m[K [01;31m[Kerror: [m[K‘[01m[KposeCallback[m[K’ was not declared in this scope
   27 |   ros::Subscriber sub_pose = n.subscribe("desired_pose", 1000, [01;31m[KposeCallback[m[K);
      |                                                                [01;31m[K^~~~~~~~~~~~[m[K
In file included from [01m[K/opt/ros/noetic/include/ros/ros.h:40[m[K,
                 from [01m[K/home/mbrummelhuis/msc_thesis/catkin_ws/src/impedance/src/impedance_solver.cpp:1[m[K:
[01m[K/home/mbrummelhuis/msc_thesis/catkin_ws/src/impedance/src/impedance_solver.cpp:[m[K In function ‘[01m[Kvoid wrenchCallback(const ConstPtr&)[m[K’:
[01m[K/home/mbrummelhuis/msc_thesis/catkin_ws/src/impedance/src/impedance_solver.cpp:39:53:[m[K [01;31m[Kerror: [m[Kno match for ‘[01m[Koperator[][m[K’ (operand types are ‘[01m[Kconst _linear_type[m[K’ {aka ‘[01m[Kconst geometry_msgs::Vector3_<std::allocator<void> >[m[K’} and ‘[01m[Kint[m[K’)
   39 |   ROS_INFO("Received wrench update: %f", msg->linear[01;31m[K[[m[K0]);
      |                                                     [01;31m[K^[m[K
[01m[K/opt/ros/noetic/include/ros/console.h:351:165:[m[K [01;36m[Knote: [m[Kin definition of macro ‘[01m[KROSCONSOLE_PRINT_AT_LOCATION_WITH_FILTER[m[K’
  351 |     ::ros::console::print(filter, __rosconsole_define_location__loc.logger_, __rosconsole_define_location__loc.level_, __FILE__, __LINE__, __ROSCONSOLE_FUNCTION__, [01;36m[K__VA_ARGS__[m[K)
      |                                                                                                                                                                     [01;36m[K^~~~~~~~~~~[m[K
[01m[K/opt/ros/noetic/include/ros/console.h:390:7:[m[K [01;36m[Knote: [m[Kin expansion of macro ‘[01m[KROSCONSOLE_PRINT_AT_LOCATION[m[K’
  390 |       [01;36m[KROSCONSOLE_PRINT_AT_LOCATION[m[K(__VA_ARGS__); \
      |       [01;36m[K^~~~~~~~~~~~~~~~~~~~~~~~~~~~[m[K
[01m[K/opt/ros/noetic/include/ros/console.h:575:35:[m[K [01;36m[Knote: [m[Kin expansion of macro ‘[01m[KROS_LOG_COND[m[K’
  575 | #define ROS_LOG(level, name, ...) [01;36m[KROS_LOG_COND[m[K(true, level, name, __VA_ARGS__)
      |                                   [01;36m[K^~~~~~~~~~~~[m[K
[01m[K/opt/ros/noetic/include/rosconsole/macros_generated.h:110:23:[m[K [01;36m[Knote: [m[Kin expansion of macro ‘[01m[KROS_LOG[m[K’
  110 | #define ROS_INFO(...) [01;36m[KROS_LOG[m[K(::ros::console::levels::Info, ROSCONSOLE_DEFAULT_NAME, __VA_ARGS__)
      |                       [01;36m[K^~~~~~~[m[K
[01m[K/home/mbrummelhuis/msc_thesis/catkin_ws/src/impedance/src/impedance_solver.cpp:39:3:[m[K [01;36m[Knote: [m[Kin expansion of macro ‘[01m[KROS_INFO[m[K’
   39 |   [01;36m[KROS_INFO[m[K("Received wrench update: %f", msg->linear[0]);
      |   [01;36m[K^~~~~~~~[m[K
make[2]: *** [CMakeFiles/impedance_solver.dir/build.make:63: CMakeFiles/impedance_solver.dir/src/impedance_solver.cpp.o] Error 1
make[1]: *** [CMakeFiles/Makefile2:346: CMakeFiles/impedance_solver.dir/all] Error 2
make: *** [Makefile:141: all] Error 2
